c:\users\oleksandr\desktop\wit\year 4\game development\workspace\game_prototype\game_prototype\debug\vc140.pdb
c:\users\oleksandr\desktop\wit\year 4\game development\workspace\game_prototype\game_prototype\debug\vc140.idb
c:\users\oleksandr\desktop\wit\year 4\game development\workspace\game_prototype\game_prototype\debug\enemy.obj
c:\users\oleksandr\desktop\wit\year 4\game development\workspace\game_prototype\game_prototype\debug\entity.obj
c:\users\oleksandr\desktop\wit\year 4\game development\workspace\game_prototype\game_prototype\debug\evilplayer.obj
c:\users\oleksandr\desktop\wit\year 4\game development\workspace\game_prototype\game_prototype\debug\game.obj
c:\users\oleksandr\desktop\wit\year 4\game development\workspace\game_prototype\game_prototype\debug\input.obj
c:\users\oleksandr\desktop\wit\year 4\game development\workspace\game_prototype\game_prototype\debug\level.obj
c:\users\oleksandr\desktop\wit\year 4\game development\workspace\game_prototype\game_prototype\debug\main.obj
c:\users\oleksandr\desktop\wit\year 4\game development\workspace\game_prototype\game_prototype\debug\object.obj
c:\users\oleksandr\desktop\wit\year 4\game development\workspace\game_prototype\game_prototype\debug\player.obj
c:\users\oleksandr\desktop\wit\year 4\game development\workspace\game_prototype\game_prototype\debug\texturemanager.obj
c:\users\oleksandr\desktop\wit\year 4\game development\workspace\game_prototype\game_prototype\debug\tilemap.obj
c:\users\oleksandr\desktop\wit\year 4\game development\workspace\game_prototype\game_prototype\debug\window.obj
c:\users\oleksandr\desktop\wit\year 4\game development\workspace\game_prototype\game_prototype\debug\graphicscomponent.obj
c:\users\oleksandr\desktop\wit\year 4\game development\workspace\game_prototype\game_prototype\debug\physicscomponent.obj
c:\users\oleksandr\desktop\wit\year 4\game development\workspace\game_prototype\game_prototype\debug\inputcomponent.obj
c:\users\oleksandr\desktop\wit\year 4\game development\workspace\game_prototype\game_prototype\debug\gameobject.obj
c:\users\oleksandr\desktop\wit\year 4\game development\workspace\game_prototype\game_prototype\debug\command.obj
c:\users\oleksandr\desktop\wit\year 4\game development\workspace\game_prototype\debug\game_prototype.ilk
c:\users\oleksandr\desktop\wit\year 4\game development\workspace\game_prototype\debug\game_prototype.exe
c:\users\oleksandr\desktop\wit\year 4\game development\workspace\game_prototype\debug\game_prototype.pdb
c:\users\oleksandr\desktop\wit\year 4\game development\workspace\game_prototype\game_prototype\debug\game_prototype.tlog\cl.command.1.tlog
c:\users\oleksandr\desktop\wit\year 4\game development\workspace\game_prototype\game_prototype\debug\game_prototype.tlog\cl.read.1.tlog
c:\users\oleksandr\desktop\wit\year 4\game development\workspace\game_prototype\game_prototype\debug\game_prototype.tlog\cl.write.1.tlog
c:\users\oleksandr\desktop\wit\year 4\game development\workspace\game_prototype\game_prototype\debug\game_prototype.tlog\link.command.1.tlog
c:\users\oleksandr\desktop\wit\year 4\game development\workspace\game_prototype\game_prototype\debug\game_prototype.tlog\link.read.1.tlog
c:\users\oleksandr\desktop\wit\year 4\game development\workspace\game_prototype\game_prototype\debug\game_prototype.tlog\link.write.1.tlog
